<?xml version="1.0" encoding="UTF-8"?>
<!-- Generated by org.testng.reporters.JUnitXMLReporter -->
<testsuite ignored="0" hostname="DESKTOP-H3SJ9V1" failures="0" tests="3" name="Test1" time="8.359" errors="0" timestamp="2022-04-21T11:01:27 IST">
  <testcase classname="stepDefinationEmi.StepDefinationEmi" name="initialize_the_browser_with_chrome" time="1.642"/>
  <testcase classname="stepDefinationEmi.StepDefinationEmi" name="navigate_to_something_site" time="6.56"/>
  <testcase classname="stepDefinationEmi.StepDefinationEmi" name="user_enters_and_and" time="0.0">
    <skipped/>
  </testcase> <!-- user_enters_and_and -->
</testsuite> <!-- Test1 -->
