<?xml version="1.0" encoding="UTF-8"?>
<!-- Generated by org.testng.reporters.JUnitXMLReporter -->
<testsuite ignored="0" hostname="DESKTOP-H3SJ9V1" failures="0" tests="3" name="Test3" time="7.299" errors="0" timestamp="2022-04-21T11:02:02 IST">
  <testcase classname="stepDefinationBalanceTransfer.StepDefinationBalanceTransfer" name="initialize_the_browser_with_chrome" time="1.784"/>
  <testcase classname="stepDefinationBalanceTransfer.StepDefinationBalanceTransfer" name="navigate_to_something" time="5.435"/>
  <testcase classname="stepDefinationBalanceTransfer.StepDefinationBalanceTransfer" name="user_enters_the_inputs_in_and_and_and_and_and_and_under_data_fileds" time="0.0">
    <skipped/>
  </testcase> <!-- user_enters_the_inputs_in_and_and_and_and_and_and_under_data_fileds -->
</testsuite> <!-- Test3 -->
